# JRE version: Java(TM) SE Runtime Environment (8.0_91-b14) (build 1.8.0_91-b14)
# Java VM: Java HotSpot(TM) 64-Bit Server VM (25.91-b14 mixed mode windows-amd64 compressed oops)
Heap:
 PSYoungGen      total 462336K, used 190939K [0x00000000d5f80000, 0x00000000f2e80000, 0x0000000100000000)
  eden space 450560K, 42% used [0x00000000d5f80000,0x00000000e186ec88,0x00000000f1780000)
  from space 11776K, 13% used [0x00000000f2300000,0x00000000f2488000,0x00000000f2e80000)
  to   space 11776K, 0% used [0x00000000f1780000,0x00000000f1780000,0x00000000f2300000)
 ParOldGen       total 268288K, used 185185K [0x0000000081e00000, 0x0000000092400000, 0x00000000d5f80000)
  object space 268288K, 69% used [0x0000000081e00000,0x000000008d2d87f0,0x0000000092400000)
 Metaspace       used 4513K, capacity 5254K, committed 5376K, reserved 1056768K
  class space    used 469K, capacity 497K, committed 512K, reserved 1048576K
GC Heap History (10 events):
Event: 222.999 GC heap before
{Heap before GC invocations=953 (full 3):
 PSYoungGen      total 350208K, used 336512K [0x00000000d5f80000, 0x00000000ef480000, 0x0000000100000000)
  eden space 335360K, 100% used [0x00000000d5f80000,0x00000000ea700000,0x00000000ea700000)
  from space 14848K, 7% used [0x00000000ea700000,0x00000000ea820000,0x00000000eb580000)
  to   space 14336K, 0% used [0x00000000ee680000,0x00000000ee680000,0x00000000ef480000)
 ParOldGen       total 268288K, used 179033K [0x0000000081e00000, 0x0000000092400000, 0x00000000d5f80000)
  object space 268288K, 66% used [0x0000000081e00000,0x000000008ccd67f0,0x0000000092400000)
 Metaspace       used 4513K, capacity 5254K, committed 5376K, reserved 1056768K
  class space    used 469K, capacity 497K, committed 512K, reserved 1048576K
Event: 223.002 GC heap after
Heap after GC invocations=953 (full 3):
 PSYoungGen      total 401408K, used 1120K [0x00000000d5f80000, 0x00000000ef480000, 0x0000000100000000)
  eden space 387072K, 0% used [0x00000000d5f80000,0x00000000d5f80000,0x00000000ed980000)
  from space 14336K, 7% used [0x00000000ee680000,0x00000000ee798000,0x00000000ef480000)
  to   space 13312K, 0% used [0x00000000ed980000,0x00000000ed980000,0x00000000ee680000)
 ParOldGen       total 268288K, used 180145K [0x0000000081e00000, 0x0000000092400000, 0x00000000d5f80000)
  object space 268288K, 67% used [0x0000000081e00000,0x000000008cdec7f0,0x0000000092400000)
 Metaspace       used 4513K, capacity 5254K, committed 5376K, reserved 1056768K
  class space    used 469K, capacity 497K, committed 512K, reserved 1048576K
}
Event: 223.196 GC heap before
{Heap before GC invocations=954 (full 3):
 PSYoungGen      total 401408K, used 388192K [0x00000000d5f80000, 0x00000000ef480000, 0x0000000100000000)
  eden space 387072K, 100% used [0x00000000d5f80000,0x00000000ed980000,0x00000000ed980000)
  from space 14336K, 7% used [0x00000000ee680000,0x00000000ee798000,0x00000000ef480000)
  to   space 13312K, 0% used [0x00000000ed980000,0x00000000ed980000,0x00000000ee680000)
 ParOldGen       total 268288K, used 180145K [0x0000000081e00000, 0x0000000092400000, 0x00000000d5f80000)
  object space 268288K, 67% used [0x0000000081e00000,0x000000008cdec7f0,0x0000000092400000)
 Metaspace       used 4513K, capacity 5254K, committed 5376K, reserved 1056768K
  class space    used 469K, capacity 497K, committed 512K, reserved 1048576K
Event: 223.200 GC heap after
Heap after GC invocations=954 (full 3):
 PSYoungGen      total 400384K, used 1344K [0x00000000d5f80000, 0x00000000f2f80000, 0x0000000100000000)
  eden space 387072K, 0% used [0x00000000d5f80000,0x00000000d5f80000,0x00000000ed980000)
  from space 13312K, 10% used [0x00000000ed980000,0x00000000edad0000,0x00000000ee680000)
  to   space 12800K, 0% used [0x00000000f2300000,0x00000000f2300000,0x00000000f2f80000)
 ParOldGen       total 268288K, used 181233K [0x0000000081e00000, 0x0000000092400000, 0x00000000d5f80000)
  object space 268288K, 67% used [0x0000000081e00000,0x000000008cefc7f0,0x0000000092400000)
 Metaspace       used 4513K, capacity 5254K, committed 5376K, reserved 1056768K
  class space    used 469K, capacity 497K, committed 512K, reserved 1048576K
}
Event: 223.421 GC heap before
{Heap before GC invocations=955 (full 3):
 PSYoungGen      total 400384K, used 388416K [0x00000000d5f80000, 0x00000000f2f80000, 0x0000000100000000)
  eden space 387072K, 100% used [0x00000000d5f80000,0x00000000ed980000,0x00000000ed980000)
  from space 13312K, 10% used [0x00000000ed980000,0x00000000edad0000,0x00000000ee680000)
  to   space 12800K, 0% used [0x00000000f2300000,0x00000000f2300000,0x00000000f2f80000)
 ParOldGen       total 268288K, used 181233K [0x0000000081e00000, 0x0000000092400000, 0x00000000d5f80000)
  object space 268288K, 67% used [0x0000000081e00000,0x000000008cefc7f0,0x0000000092400000)
 Metaspace       used 4513K, capacity 5254K, committed 5376K, reserved 1056768K
  class space    used 469K, capacity 497K, committed 512K, reserved 1048576K
Event: 223.425 GC heap after
Heap after GC invocations=955 (full 3):
 PSYoungGen      total 462336K, used 1312K [0x00000000d5f80000, 0x00000000f2e80000, 0x0000000100000000)
  eden space 450560K, 0% used [0x00000000d5f80000,0x00000000d5f80000,0x00000000f1780000)
  from space 11776K, 11% used [0x00000000f2300000,0x00000000f2448000,0x00000000f2e80000)
  to   space 11776K, 0% used [0x00000000f1780000,0x00000000f1780000,0x00000000f2300000)
 ParOldGen       total 268288K, used 182521K [0x0000000081e00000, 0x0000000092400000, 0x00000000d5f80000)
  object space 268288K, 68% used [0x0000000081e00000,0x000000008d03e7f0,0x0000000092400000)
 Metaspace       used 4513K, capacity 5254K, committed 5376K, reserved 1056768K
  class space    used 469K, capacity 497K, committed 512K, reserved 1048576K
}
Event: 224.002 GC heap before
{Heap before GC invocations=956 (full 3):
 PSYoungGen      total 462336K, used 451872K [0x00000000d5f80000, 0x00000000f2e80000, 0x0000000100000000)
  eden space 450560K, 100% used [0x00000000d5f80000,0x00000000f1780000,0x00000000f1780000)
  from space 11776K, 11% used [0x00000000f2300000,0x00000000f2448000,0x00000000f2e80000)
  to   space 11776K, 0% used [0x00000000f1780000,0x00000000f1780000,0x00000000f2300000)
 ParOldGen       total 268288K, used 182521K [0x0000000081e00000, 0x0000000092400000, 0x00000000d5f80000)
  object space 268288K, 68% used [0x0000000081e00000,0x000000008d03e7f0,0x0000000092400000)
 Metaspace       used 4513K, capacity 5254K, committed 5376K, reserved 1056768K
  class space    used 469K, capacity 497K, committed 512K, reserved 1048576K
Event: 224.006 GC heap after
Heap after GC invocations=956 (full 3):
 PSYoungGen      total 462336K, used 1408K [0x00000000d5f80000, 0x00000000f2e80000, 0x0000000100000000)
  eden space 450560K, 0% used [0x00000000d5f80000,0x00000000d5f80000,0x00000000f1780000)
  from space 11776K, 11% used [0x00000000f1780000,0x00000000f18e0000,0x00000000f2300000)
  to   space 11776K, 0% used [0x00000000f2300000,0x00000000f2300000,0x00000000f2e80000)
 ParOldGen       total 268288K, used 183793K [0x0000000081e00000, 0x0000000092400000, 0x00000000d5f80000)
  object space 268288K, 68% used [0x0000000081e00000,0x000000008d17c7f0,0x0000000092400000)
 Metaspace       used 4513K, capacity 5254K, committed 5376K, reserved 1056768K
  class space    used 469K, capacity 497K, committed 512K, reserved 1048576K
}
Event: 224.779 GC heap before
{Heap before GC invocations=957 (full 3):
 PSYoungGen      total 462336K, used 451968K [0x00000000d5f80000, 0x00000000f2e80000, 0x0000000100000000)
  eden space 450560K, 100% used [0x00000000d5f80000,0x00000000f1780000,0x00000000f1780000)
  from space 11776K, 11% used [0x00000000f1780000,0x00000000f18e0000,0x00000000f2300000)
  to   space 11776K, 0% used [0x00000000f2300000,0x00000000f2300000,0x00000000f2e80000)
 ParOldGen       total 268288K, used 183793K [0x0000000081e00000, 0x0000000092400000, 0x00000000d5f80000)
  object space 268288K, 68% used [0x0000000081e00000,0x000000008d17c7f0,0x0000000092400000)
 Metaspace       used 4513K, capacity 5254K, committed 5376K, reserved 1056768K
  class space    used 469K, capacity 497K, committed 512K, reserved 1048576K
Event: 224.782 GC heap after
Heap after GC invocations=957 (full 3):
 PSYoungGen      total 462336K, used 1568K [0x00000000d5f80000, 0x00000000f2e80000, 0x0000000100000000)
  eden space 450560K, 0% used [0x00000000d5f80000,0x00000000d5f80000,0x00000000f1780000)
  from space 11776K, 13% used [0x00000000f2300000,0x00000000f2488000,0x00000000f2e80000)
  to   space 11776K, 0% used [0x00000000f1780000,0x00000000f1780000,0x00000000f2300000)
 ParOldGen       total 268288K, used 185185K [0x0000000081e00000, 0x0000000092400000, 0x00000000d5f80000)
  object space 268288K, 69% used [0x0000000081e00000,0x000000008d2d87f0,0x0000000092400000)
 Metaspace       used 4513K, capacity 5254K, committed 5376K, reserved 1056768K
  class space    used 469K, capacity 497K, committed 512K, reserved 1048576K
}

